<?xml version="1.0" encoding="UTF-8"?>
<!-- Generated by org.testng.reporters.JUnitXMLReporter -->
<testsuite ignored="0" hostname="haile" failures="14" tests="27" name="TestAddController" time="689.33" errors="0" timestamp="2021-12-08T07:38:50 ICT">
  <testcase classname="testController.changePasswordControllerTest" name="@BeforeMethod beforeClass" time="0.003">
    <failure type="org.powermock.api.mockito.ClassNotPreparedException" message="

[Ljava.lang.Object;@5ad0c70a
The class testConnectSQL.ConnectSQL not prepared for test.
">
      <![CDATA[org.powermock.api.mockito.ClassNotPreparedException: 

[Ljava.lang.Object;@5ad0c70a
The class testConnectSQL.ConnectSQL not prepared for test.

at org.powermock.api.mockito.expectation.reporter.MockitoPowerMockReporter.classNotPrepared(MockitoPowerMockReporter.java:29)
at org.powermock.api.mockito.internal.mockcreation.MockTypeValidatorFactory$DefaultMockTypeValidator.validate(MockTypeValidatorFactory.java:37)
at org.powermock.api.mockito.internal.mockcreation.AbstractMockCreator.validateType(AbstractMockCreator.java:10)
at org.powermock.api.mockito.internal.mockcreation.DefaultMockCreator.createMock(DefaultMockCreator.java:49)
at org.powermock.api.mockito.internal.mockcreation.DefaultMockCreator.mock(DefaultMockCreator.java:40)
at org.powermock.api.mockito.PowerMockito.mockStatic(PowerMockito.java:62)
at testController.changePasswordControllerTest.beforeClass(changePasswordControllerTest.java:30)
at java.base/java.util.ArrayList.forEach(ArrayList.java:1511)
... Removed 31 stack frames]]>
    </failure>
  </testcase> <!-- @BeforeMethod beforeClass -->
  <testcase classname="testController.changePasswordControllerTest" name="@AfterMethod afterClass" time="-1.638923930146E9">
    <skipped/>
  </testcase> <!-- @AfterMethod afterClass -->
  <testcase classname="testController.changePasswordControllerTest" name="@BeforeMethod beforeClass" time="-1.638923930149E9">
    <skipped/>
  </testcase> <!-- @BeforeMethod beforeClass -->
  <testcase classname="testController.changePasswordControllerTest" name="@AfterMethod afterClass" time="-1.638923930158E9">
    <skipped/>
  </testcase> <!-- @AfterMethod afterClass -->
  <testcase classname="testController.changePasswordControllerTest" name="@BeforeMethod beforeClass" time="-1.63892393016E9">
    <skipped/>
  </testcase> <!-- @BeforeMethod beforeClass -->
  <testcase classname="testController.changePasswordControllerTest" name="@AfterMethod afterClass" time="-1.638923930166E9">
    <skipped/>
  </testcase> <!-- @AfterMethod afterClass -->
  <testcase classname="testController.changePasswordControllerTest" name="@BeforeMethod beforeClass" time="-1.638923930168E9">
    <skipped/>
  </testcase> <!-- @BeforeMethod beforeClass -->
  <testcase classname="testController.changePasswordControllerTest" name="@AfterMethod afterClass" time="-1.638923930175E9">
    <skipped/>
  </testcase> <!-- @AfterMethod afterClass -->
  <testcase classname="testController.changePasswordControllerTest" name="@BeforeMethod beforeClass" time="-1.638923930177E9">
    <skipped/>
  </testcase> <!-- @BeforeMethod beforeClass -->
  <testcase classname="testController.changePasswordControllerTest" name="@AfterMethod afterClass" time="-1.638923930181E9">
    <skipped/>
  </testcase> <!-- @AfterMethod afterClass -->
  <testcase classname="testController.AddControllerTest" name="adduserTest_TC01_Success" time="0.067"/>
  <testcase classname="testController.AddControllerTest" name="getcodeTest_TC02" time="0.013"/>
  <testcase classname="testController.AddControllerTest" name="getcodeTest_TC03" time="0.003"/>
  <testcase classname="testController.AddControllerTest" name="getlistuserTest_TC04" time="0.016"/>
  <testcase classname="testController.AddControllerTest" name="sendmailTest_TC05" time="12.222"/>
  <testcase classname="testController.FindPasswordControllerTest" name="TC01_sendEmail" time="657.319"/>
  <testcase classname="testController.FindPasswordControllerTest" name="TC02_sendEmail_Failed" time="17.119"/>
  <testcase classname="testController.FindPasswordControllerTest" name="TC03_sendEmail_Failed" time="0.0">
    <failure type="org.testng.TestNGException" message="
Cannot inject @Test annotated Method [TC03_sendEmail_Failed] with [class java.lang.String].
For more information on native dependency injection please refer to https://testng.org/doc/documentation-main.html#native-dependency-injection">
      <![CDATA[org.testng.TestNGException: 
Cannot inject @Test annotated Method [TC03_sendEmail_Failed] with [class java.lang.String].
For more information on native dependency injection please refer to https://testng.org/doc/documentation-main.html#native-dependency-injection
at java.base/java.util.ArrayList.forEach(ArrayList.java:1511)
... Removed 26 stack frames]]>
    </failure>
  </testcase> <!-- TC03_sendEmail_Failed -->
  <testcase classname="testController.changePasswordControllerTest" name="TC01_changePasswordSuccess" time="0.0">
    <skipped/>
  </testcase> <!-- TC01_changePasswordSuccess -->
  <testcase classname="testController.changePasswordControllerTest" name="TC02_changePassword_Failed" time="0.0">
    <skipped/>
  </testcase> <!-- TC02_changePassword_Failed -->
  <testcase classname="testController.changePasswordControllerTest" name="TC03_changePassword_Failed" time="0.0">
    <skipped/>
  </testcase> <!-- TC03_changePassword_Failed -->
  <testcase classname="testController.changePasswordControllerTest" name="TC04_changePassword_Failed" time="0.0">
    <skipped/>
  </testcase> <!-- TC04_changePassword_Failed -->
  <testcase classname="testController.changePasswordControllerTest" name="TC05_changePassword_Failed" time="0.0">
    <skipped/>
  </testcase> <!-- TC05_changePassword_Failed -->
  <testcase classname="testController.ConnectionTest" name="CDB_TC001_ConectSuccess" time="0.0">
    <failure type="org.testng.TestNGException" message="
Parameter &amp;apos;temphost&amp;apos; is required by @Test on method CDB_TC001_ConectSuccess but has not been marked @Optional or defined
in C:\Users\hai95\OneDrive\Desktop\ASM-SOF304\OnThiBangLaiXe\src\test\java\config\DataTestController.xml">
      <![CDATA[org.testng.TestNGException: 
Parameter 'temphost' is required by @Test on method CDB_TC001_ConectSuccess but has not been marked @Optional or defined
in C:\Users\hai95\OneDrive\Desktop\ASM-SOF304\OnThiBangLaiXe\src\test\java\config\DataTestController.xml
at java.base/java.util.ArrayList.forEach(ArrayList.java:1511)
... Removed 26 stack frames]]>
    </failure>
  </testcase> <!-- CDB_TC001_ConectSuccess -->
  <testcase classname="testController.ConnectionTest" name="CDB_TC002_ConectFailed" time="0.0">
    <failure type="org.testng.TestNGException" message="
Parameter &amp;apos;tempuser&amp;apos; is required by @Test on method CDB_TC002_ConectFailed but has not been marked @Optional or defined
in C:\Users\hai95\OneDrive\Desktop\ASM-SOF304\OnThiBangLaiXe\src\test\java\config\DataTestController.xml">
      <![CDATA[org.testng.TestNGException: 
Parameter 'tempuser' is required by @Test on method CDB_TC002_ConectFailed but has not been marked @Optional or defined
in C:\Users\hai95\OneDrive\Desktop\ASM-SOF304\OnThiBangLaiXe\src\test\java\config\DataTestController.xml
at java.base/java.util.ArrayList.forEach(ArrayList.java:1511)
... Removed 26 stack frames]]>
    </failure>
  </testcase> <!-- CDB_TC002_ConectFailed -->
  <testcase classname="testController.ConnectionTest" name="CDB_TC003_ConectFailed" time="0.0">
    <failure type="org.testng.TestNGException" message="
Parameter &amp;apos;temphost&amp;apos; is required by @Test on method CDB_TC003_ConectFailed but has not been marked @Optional or defined
in C:\Users\hai95\OneDrive\Desktop\ASM-SOF304\OnThiBangLaiXe\src\test\java\config\DataTestController.xml">
      <![CDATA[org.testng.TestNGException: 
Parameter 'temphost' is required by @Test on method CDB_TC003_ConectFailed but has not been marked @Optional or defined
in C:\Users\hai95\OneDrive\Desktop\ASM-SOF304\OnThiBangLaiXe\src\test\java\config\DataTestController.xml
at java.base/java.util.ArrayList.forEach(ArrayList.java:1511)
... Removed 26 stack frames]]>
    </failure>
  </testcase> <!-- CDB_TC003_ConectFailed -->
  <testcase classname="testController.ConnectionTest" name="CDB_TC004_ConectFailed" time="0.0">
    <failure type="org.testng.TestNGException" message="
Parameter &amp;apos;temphost&amp;apos; is required by @Test on method CDB_TC004_ConectFailed but has not been marked @Optional or defined
in C:\Users\hai95\OneDrive\Desktop\ASM-SOF304\OnThiBangLaiXe\src\test\java\config\DataTestController.xml">
      <![CDATA[org.testng.TestNGException: 
Parameter 'temphost' is required by @Test on method CDB_TC004_ConectFailed but has not been marked @Optional or defined
in C:\Users\hai95\OneDrive\Desktop\ASM-SOF304\OnThiBangLaiXe\src\test\java\config\DataTestController.xml
at java.base/java.util.ArrayList.forEach(ArrayList.java:1511)
... Removed 26 stack frames]]>
    </failure>
  </testcase> <!-- CDB_TC004_ConectFailed -->
  <testcase classname="testController.ConnectionTest" name="CDB_TC005_ConectFailed" time="0.0">
    <failure type="org.testng.TestNGException" message="
Parameter &amp;apos;temphost&amp;apos; is required by @Test on method CDB_TC005_ConectFailed but has not been marked @Optional or defined
in C:\Users\hai95\OneDrive\Desktop\ASM-SOF304\OnThiBangLaiXe\src\test\java\config\DataTestController.xml">
      <![CDATA[org.testng.TestNGException: 
Parameter 'temphost' is required by @Test on method CDB_TC005_ConectFailed but has not been marked @Optional or defined
in C:\Users\hai95\OneDrive\Desktop\ASM-SOF304\OnThiBangLaiXe\src\test\java\config\DataTestController.xml
at java.base/java.util.ArrayList.forEach(ArrayList.java:1511)
... Removed 26 stack frames]]>
    </failure>
  </testcase> <!-- CDB_TC005_ConectFailed -->
  <testcase classname="testController.ConnectionTest" name="CDB_TC006_ConectFailed" time="0.0">
    <failure type="org.testng.TestNGException" message="
Parameter &amp;apos;temphost&amp;apos; is required by @Test on method CDB_TC006_ConectFailed but has not been marked @Optional or defined
in C:\Users\hai95\OneDrive\Desktop\ASM-SOF304\OnThiBangLaiXe\src\test\java\config\DataTestController.xml">
      <![CDATA[org.testng.TestNGException: 
Parameter 'temphost' is required by @Test on method CDB_TC006_ConectFailed but has not been marked @Optional or defined
in C:\Users\hai95\OneDrive\Desktop\ASM-SOF304\OnThiBangLaiXe\src\test\java\config\DataTestController.xml
at java.base/java.util.ArrayList.forEach(ArrayList.java:1511)
... Removed 26 stack frames]]>
    </failure>
  </testcase> <!-- CDB_TC006_ConectFailed -->
  <testcase classname="testController.ConnectionTest" name="CDB_TC007_ConectFailed" time="0.0">
    <failure type="org.testng.TestNGException" message="
Parameter &amp;apos;temphost&amp;apos; is required by @Test on method CDB_TC007_ConectFailed but has not been marked @Optional or defined
in C:\Users\hai95\OneDrive\Desktop\ASM-SOF304\OnThiBangLaiXe\src\test\java\config\DataTestController.xml">
      <![CDATA[org.testng.TestNGException: 
Parameter 'temphost' is required by @Test on method CDB_TC007_ConectFailed but has not been marked @Optional or defined
in C:\Users\hai95\OneDrive\Desktop\ASM-SOF304\OnThiBangLaiXe\src\test\java\config\DataTestController.xml
at java.base/java.util.ArrayList.forEach(ArrayList.java:1511)
... Removed 26 stack frames]]>
    </failure>
  </testcase> <!-- CDB_TC007_ConectFailed -->
  <testcase classname="testController.ConnectionTest" name="CDB_TC008_ConectFalse" time="0.0">
    <failure type="org.testng.TestNGException" message="
Parameter &amp;apos;temphost&amp;apos; is required by @Test on method CDB_TC008_ConectFalse but has not been marked @Optional or defined
in C:\Users\hai95\OneDrive\Desktop\ASM-SOF304\OnThiBangLaiXe\src\test\java\config\DataTestController.xml">
      <![CDATA[org.testng.TestNGException: 
Parameter 'temphost' is required by @Test on method CDB_TC008_ConectFalse but has not been marked @Optional or defined
in C:\Users\hai95\OneDrive\Desktop\ASM-SOF304\OnThiBangLaiXe\src\test\java\config\DataTestController.xml
at java.base/java.util.ArrayList.forEach(ArrayList.java:1511)
... Removed 26 stack frames]]>
    </failure>
  </testcase> <!-- CDB_TC008_ConectFalse -->
  <testcase classname="testController.ConnectionTest" name="CDB_TC009_ConectFailed" time="0.0">
    <failure type="org.testng.TestNGException" message="
Parameter &amp;apos;temphost&amp;apos; is required by @Test on method CDB_TC009_ConectFailed but has not been marked @Optional or defined
in C:\Users\hai95\OneDrive\Desktop\ASM-SOF304\OnThiBangLaiXe\src\test\java\config\DataTestController.xml">
      <![CDATA[org.testng.TestNGException: 
Parameter 'temphost' is required by @Test on method CDB_TC009_ConectFailed but has not been marked @Optional or defined
in C:\Users\hai95\OneDrive\Desktop\ASM-SOF304\OnThiBangLaiXe\src\test\java\config\DataTestController.xml
at java.base/java.util.ArrayList.forEach(ArrayList.java:1511)
... Removed 26 stack frames]]>
    </failure>
  </testcase> <!-- CDB_TC009_ConectFailed -->
  <testcase classname="testController.ConnectionTest" name="CDB_TC010_ConectFailed" time="0.0">
    <failure type="org.testng.TestNGException" message="
Parameter &amp;apos;temphost&amp;apos; is required by @Test on method CDB_TC010_ConectFailed but has not been marked @Optional or defined
in C:\Users\hai95\OneDrive\Desktop\ASM-SOF304\OnThiBangLaiXe\src\test\java\config\DataTestController.xml">
      <![CDATA[org.testng.TestNGException: 
Parameter 'temphost' is required by @Test on method CDB_TC010_ConectFailed but has not been marked @Optional or defined
in C:\Users\hai95\OneDrive\Desktop\ASM-SOF304\OnThiBangLaiXe\src\test\java\config\DataTestController.xml
at java.base/java.util.ArrayList.forEach(ArrayList.java:1511)
... Removed 26 stack frames]]>
    </failure>
  </testcase> <!-- CDB_TC010_ConectFailed -->
  <testcase classname="testController.ConnectionTest" name="CDB_TC011_ConectFailed" time="0.0">
    <failure type="org.testng.TestNGException" message="
Parameter &amp;apos;tempuser&amp;apos; is required by @Test on method CDB_TC011_ConectFailed but has not been marked @Optional or defined
in C:\Users\hai95\OneDrive\Desktop\ASM-SOF304\OnThiBangLaiXe\src\test\java\config\DataTestController.xml">
      <![CDATA[org.testng.TestNGException: 
Parameter 'tempuser' is required by @Test on method CDB_TC011_ConectFailed but has not been marked @Optional or defined
in C:\Users\hai95\OneDrive\Desktop\ASM-SOF304\OnThiBangLaiXe\src\test\java\config\DataTestController.xml
at java.base/java.util.ArrayList.forEach(ArrayList.java:1511)
... Removed 26 stack frames]]>
    </failure>
  </testcase> <!-- CDB_TC011_ConectFailed -->
  <testcase classname="testController.LoginControllerTest" name="TC01_getUserbyEmail_Success" time="0.045"/>
  <testcase classname="testController.LoginControllerTest" name="TC02_getUserbyEmail_Failed" time="0.032">
    <failure type="java.lang.AssertionError" message="expected [false] but found [true]">
      <![CDATA[java.lang.AssertionError: expected [false] but found [true]
at testController.LoginControllerTest.TC02_getUserbyEmail_Failed(LoginControllerTest.java:33)
at java.base/java.util.ArrayList.forEach(ArrayList.java:1511)
... Removed 31 stack frames]]>
    </failure>
  </testcase> <!-- TC02_getUserbyEmail_Failed -->
  <testcase classname="testController.LoginControllerTest" name="TC03_getUserbyEmail_Failed" time="0.041">
    <failure type="java.lang.AssertionError" message="expected [false] but found [true]">
      <![CDATA[java.lang.AssertionError: expected [false] but found [true]
at testController.LoginControllerTest.TC03_getUserbyEmail_Failed(LoginControllerTest.java:40)
at java.base/java.util.ArrayList.forEach(ArrayList.java:1511)
... Removed 31 stack frames]]>
    </failure>
  </testcase> <!-- TC03_getUserbyEmail_Failed -->
</testsuite> <!-- TestAddController -->
