<?xml version="1.0" encoding="UTF-8"?>
<!-- Generated by org.testng.reporters.JUnitReportReporter -->
<testsuite hostname="haile" failures="0" tests="6" name="testController.changePasswordControllerTest" time="0.003" errors="1" timestamp="2021-12-08T07:38:50 ICT" skipped="5">
  <testcase classname="testController.changePasswordControllerTest" name="beforeClass" time="0.003">
    <error message="

[Ljava.lang.Object;@5ad0c70a
The class testConnectSQL.ConnectSQL not prepared for test.
" type="org.powermock.api.mockito.ClassNotPreparedException">
      <![CDATA[org.powermock.api.mockito.ClassNotPreparedException: 

[Ljava.lang.Object;@5ad0c70a
The class testConnectSQL.ConnectSQL not prepared for test.

at org.powermock.api.mockito.expectation.reporter.MockitoPowerMockReporter.classNotPrepared(MockitoPowerMockReporter.java:29)
at org.powermock.api.mockito.internal.mockcreation.MockTypeValidatorFactory$DefaultMockTypeValidator.validate(MockTypeValidatorFactory.java:37)
at org.powermock.api.mockito.internal.mockcreation.AbstractMockCreator.validateType(AbstractMockCreator.java:10)
at org.powermock.api.mockito.internal.mockcreation.DefaultMockCreator.createMock(DefaultMockCreator.java:49)
at org.powermock.api.mockito.internal.mockcreation.DefaultMockCreator.mock(DefaultMockCreator.java:40)
at org.powermock.api.mockito.PowerMockito.mockStatic(PowerMockito.java:62)
at testController.changePasswordControllerTest.beforeClass(changePasswordControllerTest.java:30)
at java.base/jdk.internal.reflect.NativeMethodAccessorImpl.invoke0(Native Method)
at java.base/jdk.internal.reflect.NativeMethodAccessorImpl.invoke(NativeMethodAccessorImpl.java:64)
at java.base/jdk.internal.reflect.DelegatingMethodAccessorImpl.invoke(DelegatingMethodAccessorImpl.java:43)
at java.base/java.lang.reflect.Method.invoke(Method.java:564)
at org.testng.internal.MethodInvocationHelper.invokeMethod(MethodInvocationHelper.java:133)
at org.testng.internal.MethodInvocationHelper.invokeMethodConsideringTimeout(MethodInvocationHelper.java:62)
at org.testng.internal.ConfigInvoker.invokeConfigurationMethod(ConfigInvoker.java:385)
at org.testng.internal.ConfigInvoker.invokeConfigurations(ConfigInvoker.java:321)
at org.testng.internal.TestInvoker.runConfigMethods(TestInvoker.java:700)
at org.testng.internal.TestInvoker.invokeMethod(TestInvoker.java:527)
at org.testng.internal.TestInvoker.invokeTestMethod(TestInvoker.java:173)
at org.testng.internal.MethodRunner.runInSequence(MethodRunner.java:46)
at org.testng.internal.TestInvoker$MethodInvocationAgent.invoke(TestInvoker.java:824)
at org.testng.internal.TestInvoker.invokeTestMethods(TestInvoker.java:146)
at org.testng.internal.TestMethodWorker.invokeTestMethods(TestMethodWorker.java:146)
at org.testng.internal.TestMethodWorker.run(TestMethodWorker.java:128)
at java.base/java.util.ArrayList.forEach(ArrayList.java:1511)
at org.testng.TestRunner.privateRun(TestRunner.java:794)
at org.testng.TestRunner.run(TestRunner.java:596)
at org.testng.SuiteRunner.runTest(SuiteRunner.java:377)
at org.testng.SuiteRunner.runSequentially(SuiteRunner.java:371)
at org.testng.SuiteRunner.privateRun(SuiteRunner.java:332)
at org.testng.SuiteRunner.run(SuiteRunner.java:276)
at org.testng.SuiteRunnerWorker.runSuite(SuiteRunnerWorker.java:53)
at org.testng.SuiteRunnerWorker.run(SuiteRunnerWorker.java:96)
at org.testng.TestNG.runSuitesSequentially(TestNG.java:1212)
at org.testng.TestNG.runSuitesLocally(TestNG.java:1134)
at org.testng.TestNG.runSuites(TestNG.java:1063)
at org.testng.TestNG.run(TestNG.java:1031)
at org.testng.remote.AbstractRemoteTestNG.run(AbstractRemoteTestNG.java:115)
at org.testng.remote.RemoteTestNG.initAndRun(RemoteTestNG.java:251)
at org.testng.remote.RemoteTestNG.main(RemoteTestNG.java:77)
]]>
    </error>
  </testcase> <!-- beforeClass -->
  <system-out/>
  <testcase classname="testController.changePasswordControllerTest" name="TC03_changePassword_Failed" time="0.000">
    <skipped/>
  </testcase> <!-- TC03_changePassword_Failed -->
  <system-out/>
  <testcase classname="testController.changePasswordControllerTest" name="TC04_changePassword_Failed" time="0.000">
    <skipped/>
  </testcase> <!-- TC04_changePassword_Failed -->
  <system-out/>
  <testcase classname="testController.changePasswordControllerTest" name="TC02_changePassword_Failed" time="0.000">
    <skipped/>
  </testcase> <!-- TC02_changePassword_Failed -->
  <system-out/>
  <testcase classname="testController.changePasswordControllerTest" name="TC05_changePassword_Failed" time="0.000">
    <skipped/>
  </testcase> <!-- TC05_changePassword_Failed -->
  <system-out/>
  <testcase classname="testController.changePasswordControllerTest" name="TC01_changePasswordSuccess" time="0.000">
    <skipped/>
  </testcase> <!-- TC01_changePasswordSuccess -->
  <system-out/>
</testsuite> <!-- testController.changePasswordControllerTest -->
